0 silly argv {
0 silly argv   _: [ 'version' ],
0 silly argv   lernaVersion: '4.0.0',
0 silly argv   '$0': '/Users/chenyonghao9/Desktop/project/selling-component/node_modules/.bin/lerna'
0 silly argv }
1 notice cli v4.0.0
2 verbose rootPath /Users/chenyonghao9/Desktop/project/selling-component
3 info current version 1.1.7
4 silly isAnythingCommitted
5 verbose isAnythingCommitted 1
6 silly getCurrentBranch
7 verbose currentBranch test
8 silly remoteBranchExists
9 silly isBehindUpstream
10 silly isBehindUpstream test is behind origin/test by 0 commit(s) and ahead by 10
11 silly hasTags
12 verbose hasTags true
13 silly git-describe.sync "v1.1.7-2-gf3f473c" => {"lastTagName":"v1.1.7","lastVersion":"v1.1.7","refCount":"2","sha":"f3f473c","isDirty":false}
14 info Looking for changed packages since v1.1.7
15 silly checking diff packages/selling-c-ui
16 silly found diff in packages/selling-c-ui/src/components/sl-loading/index.tsx
17 verbose filtered diff [ 'packages/selling-c-ui/src/components/sl-loading/index.tsx' ]
18 verbose updated @jd/selling-c-ui
19 info version rooted leaf detected, skipping synthetic root lifecycles
20 verbose git-describe undefined => "v1.1.7-2-gf3f473c"
21 silly git-describe parsed => {"lastTagName":"v1.1.7","lastVersion":"v1.1.7","refCount":"2","sha":"f3f473c","isDirty":false}
22 info execute Skipping releases
23 silly lifecycle No script for "preversion" in "@jd/selling-c-ui", continuing
24 silly lifecycle No script for "version" in "@jd/selling-c-ui", continuing
25 silly gitAdd [
25 silly gitAdd   'packages/selling-c-ui/package.json',
25 silly gitAdd   'packages/selling-c-ui/package-lock.json',
25 silly gitAdd   'lerna.json'
25 silly gitAdd ]
26 silly gitCommit v1.1.8
27 verbose git [ 'commit', '-m', 'v1.1.8' ]
28 silly gitTag v1.1.8
29 verbose git [ 'tag', 'v1.1.8', '-m', 'v1.1.8' ]
30 silly lifecycle No script for "postversion" in "@jd/selling-c-ui", continuing
31 info git Pushing tags...
32 silly gitPush origin test
33 error Error: Command failed with exit code 1: git push --follow-tags --no-verify --atomic origin test
33 error fatal: 接收端不支持原子推送
33 error fatal: 远端意外挂断了
33 error error: 推送一些引用到 'https://coding.jd.com/selling-front/shop-c-components.git' 失败
33 error     at makeError (/Users/chenyonghao9/Desktop/project/selling-component/node_modules/execa/lib/error.js:60:11)
33 error     at handlePromise (/Users/chenyonghao9/Desktop/project/selling-component/node_modules/execa/index.js:118:26)
